0 info it worked if it ends with ok
1 verbose cli [ '/usr/bin/node', '/usr/bin/npm', 'run', 'code' ]
2 info using npm@3.5.2
3 info using node@v8.10.0
4 verbose run-script [ 'precode', 'code', 'postcode' ]
5 info lifecycle convictional-docs@1.7.5~precode: convictional-docs@1.7.5
6 silly lifecycle convictional-docs@1.7.5~precode: no script for precode, continuing
7 info lifecycle convictional-docs@1.7.5~code: convictional-docs@1.7.5
8 verbose lifecycle convictional-docs@1.7.5~code: unsafe-perm in lifecycle true
9 verbose lifecycle convictional-docs@1.7.5~code: PATH: /usr/share/npm/bin/node-gyp-bin:/home/roger/GitHub/convictional-docs/node_modules/.bin:/home/roger/go/bin:/usr/local/go/bin:/home/roger/.local/bin:/home/roger/bin:/usr/local/sbin:/usr/local/bin:/usr/sbin:/usr/bin:/sbin:/bin:/usr/games:/usr/local/games:/snap/bin
10 verbose lifecycle convictional-docs@1.7.5~code: CWD: /home/roger/GitHub/convictional-docs
11 silly lifecycle convictional-docs@1.7.5~code: Args: [ '-c', 'npm run commit && npm run deploy' ]
12 silly lifecycle convictional-docs@1.7.5~code: Returned: code: 1  signal: null
13 info lifecycle convictional-docs@1.7.5~code: Failed to exec code script
14 verbose stack Error: convictional-docs@1.7.5 code: `npm run commit && npm run deploy`
14 verbose stack Exit status 1
14 verbose stack     at EventEmitter.<anonymous> (/usr/share/npm/lib/utils/lifecycle.js:232:16)
14 verbose stack     at emitTwo (events.js:126:13)
14 verbose stack     at EventEmitter.emit (events.js:214:7)
14 verbose stack     at ChildProcess.<anonymous> (/usr/share/npm/lib/utils/spawn.js:24:14)
14 verbose stack     at emitTwo (events.js:126:13)
14 verbose stack     at ChildProcess.emit (events.js:214:7)
14 verbose stack     at maybeClose (internal/child_process.js:925:16)
14 verbose stack     at Process.ChildProcess._handle.onexit (internal/child_process.js:209:5)
15 verbose pkgid convictional-docs@1.7.5
16 verbose cwd /home/roger/GitHub/convictional-docs
17 error Linux 4.15.0-1034-oem
18 error argv "/usr/bin/node" "/usr/bin/npm" "run" "code"
19 error node v8.10.0
20 error npm  v3.5.2
21 error code ELIFECYCLE
22 error convictional-docs@1.7.5 code: `npm run commit && npm run deploy`
22 error Exit status 1
23 error Failed at the convictional-docs@1.7.5 code script 'npm run commit && npm run deploy'.
23 error Make sure you have the latest version of node.js and npm installed.
23 error If you do, this is most likely a problem with the convictional-docs package,
23 error not with npm itself.
23 error Tell the author that this fails on your system:
23 error     npm run commit && npm run deploy
23 error You can get information on how to open an issue for this project with:
23 error     npm bugs convictional-docs
23 error Or if that isn't available, you can get their info via:
23 error     npm owner ls convictional-docs
23 error There is likely additional logging output above.
24 verbose exit [ 1, true ]
